2024-10-02 06:26:03.416 +03:00 [INF] User profile is available. Using 'C:\Users\Orange\AppData\Local\ASP.NET\DataProtection-Keys' as key repository and Windows DPAPI to encrypt keys at rest.
2024-10-02 06:26:03.888 +03:00 [INF] Now listening on: https://localhost:7000
2024-10-02 06:26:03.890 +03:00 [INF] Now listening on: http://localhost:5256
2024-10-02 06:26:04.052 +03:00 [INF] Application started. Press Ctrl+C to shut down.
2024-10-02 06:26:04.055 +03:00 [INF] Hosting environment: Development
2024-10-02 06:26:04.059 +03:00 [INF] Content root path: C:\Users\Orange\Downloads\Masterpiece1\Backend\E-Commerce
2024-10-02 06:26:04.819 +03:00 [INF] Request starting HTTP/2 GET https://localhost:7000/swagger/index.html - null null
2024-10-02 06:26:05.180 +03:00 [INF] Request finished HTTP/2 GET https://localhost:7000/swagger/index.html - 200 null text/html;charset=utf-8 375.7252ms
2024-10-02 06:26:05.247 +03:00 [INF] Request starting HTTP/2 GET https://localhost:7000/_framework/aspnetcore-browser-refresh.js - null null
2024-10-02 06:26:05.247 +03:00 [INF] Request starting HTTP/2 GET https://localhost:7000/_vs/browserLink - null null
2024-10-02 06:26:05.267 +03:00 [INF] Request finished HTTP/2 GET https://localhost:7000/_framework/aspnetcore-browser-refresh.js - 200 13756 application/javascript; charset=utf-8 19.7058ms
2024-10-02 06:26:05.316 +03:00 [INF] Request finished HTTP/2 GET https://localhost:7000/_vs/browserLink - 200 null text/javascript; charset=UTF-8 68.8971ms
2024-10-02 06:26:05.773 +03:00 [INF] Request starting HTTP/2 GET https://localhost:7000/swagger/v1/swagger.json - null null
2024-10-02 06:26:05.982 +03:00 [INF] Request finished HTTP/2 GET https://localhost:7000/swagger/v1/swagger.json - 200 null application/json;charset=utf-8 209.7599ms
2024-10-02 06:26:53.908 +03:00 [INF] Request starting HTTP/2 GET https://localhost:7000/swagger/index.html - null null
2024-10-02 06:26:53.951 +03:00 [INF] Request finished HTTP/2 GET https://localhost:7000/swagger/index.html - 200 null text/html;charset=utf-8 39.6106ms
2024-10-02 06:26:53.970 +03:00 [INF] Request starting HTTP/2 GET https://localhost:7000/_vs/browserLink - null null
2024-10-02 06:26:53.972 +03:00 [INF] Request starting HTTP/2 GET https://localhost:7000/_framework/aspnetcore-browser-refresh.js - null null
2024-10-02 06:26:53.987 +03:00 [INF] Request finished HTTP/2 GET https://localhost:7000/_framework/aspnetcore-browser-refresh.js - 200 13756 application/javascript; charset=utf-8 16.426ms
2024-10-02 06:26:54.025 +03:00 [INF] Request finished HTTP/2 GET https://localhost:7000/_vs/browserLink - 200 null text/javascript; charset=UTF-8 55.8337ms
2024-10-02 06:26:54.065 +03:00 [INF] Request starting HTTP/2 GET https://localhost:7000/swagger/v1/swagger.json - null null
2024-10-02 06:26:54.164 +03:00 [INF] Request finished HTTP/2 GET https://localhost:7000/swagger/v1/swagger.json - 200 null application/json;charset=utf-8 100.3043ms
2024-10-02 06:27:31.223 +03:00 [INF] Request starting HTTP/2 POST https://localhost:7000/api/Products - multipart/form-data; boundary=----WebKitFormBoundaryqCzcdbs8ZdTneh9p 416
2024-10-02 06:27:31.403 +03:00 [INF] CORS policy execution successful.
2024-10-02 06:27:31.412 +03:00 [INF] Executing endpoint 'E_Commerce.Controllers.ProductsController.SortWords (E-Commerce)'
2024-10-02 06:27:31.457 +03:00 [INF] Route matched with {action = "SortWords", controller = "Products"}. Executing controller action with signature Microsoft.AspNetCore.Mvc.IActionResult SortWords(Int32[]) on controller E_Commerce.Controllers.ProductsController (E-Commerce).
2024-10-02 06:29:19.254 +03:00 [INF] Executing OkObjectResult, writing value of type 'System.Int32[]'.
2024-10-02 06:29:19.274 +03:00 [INF] Executed action E_Commerce.Controllers.ProductsController.SortWords (E-Commerce) in 107798.5318ms
2024-10-02 06:29:19.276 +03:00 [INF] Executed endpoint 'E_Commerce.Controllers.ProductsController.SortWords (E-Commerce)'
2024-10-02 06:29:19.281 +03:00 [INF] Request finished HTTP/2 POST https://localhost:7000/api/Products - 200 null application/json; charset=utf-8 108053.1265ms
2024-10-02 06:29:20.240 +03:00 [INF] Request starting HTTP/2 GET https://localhost:7000/swagger/index.html - null null
2024-10-02 06:29:20.276 +03:00 [INF] Request finished HTTP/2 GET https://localhost:7000/swagger/index.html - 200 null text/html;charset=utf-8 36.8779ms
2024-10-02 06:29:20.315 +03:00 [INF] Request starting HTTP/2 GET https://localhost:7000/_framework/aspnetcore-browser-refresh.js - null null
2024-10-02 06:29:20.324 +03:00 [INF] Request starting HTTP/2 GET https://localhost:7000/_vs/browserLink - null null
2024-10-02 06:29:20.340 +03:00 [INF] Request finished HTTP/2 GET https://localhost:7000/_framework/aspnetcore-browser-refresh.js - 200 13756 application/javascript; charset=utf-8 25.2181ms
2024-10-02 06:29:20.373 +03:00 [INF] Request finished HTTP/2 GET https://localhost:7000/_vs/browserLink - 200 null text/javascript; charset=UTF-8 54.0747ms
2024-10-02 06:29:20.571 +03:00 [INF] Request starting HTTP/2 GET https://localhost:7000/swagger/v1/swagger.json - null null
2024-10-02 06:29:20.675 +03:00 [INF] Request finished HTTP/2 GET https://localhost:7000/swagger/v1/swagger.json - 200 null application/json;charset=utf-8 104.1181ms
2024-10-02 06:29:54.922 +03:00 [INF] Request starting HTTP/2 POST https://localhost:7000/api/Products - multipart/form-data; boundary=----WebKitFormBoundaryL0ns6VLmzeO4AnVa 509
2024-10-02 06:29:54.940 +03:00 [INF] CORS policy execution successful.
2024-10-02 06:29:54.949 +03:00 [INF] Executing endpoint 'E_Commerce.Controllers.ProductsController.SortWords (E-Commerce)'
2024-10-02 06:29:54.956 +03:00 [INF] Route matched with {action = "SortWords", controller = "Products"}. Executing controller action with signature Microsoft.AspNetCore.Mvc.IActionResult SortWords(Int32[]) on controller E_Commerce.Controllers.ProductsController (E-Commerce).
2024-10-02 06:34:02.382 +03:00 [INF] Executing OkObjectResult, writing value of type 'System.Int32[]'.
2024-10-02 06:34:02.387 +03:00 [INF] Executed action E_Commerce.Controllers.ProductsController.SortWords (E-Commerce) in 247416.3461ms
2024-10-02 06:34:02.389 +03:00 [INF] Executed endpoint 'E_Commerce.Controllers.ProductsController.SortWords (E-Commerce)'
2024-10-02 06:34:02.395 +03:00 [INF] Request finished HTTP/2 POST https://localhost:7000/api/Products - 200 null application/json; charset=utf-8 247462.5032ms
2024-10-02 09:52:28.893 +03:00 [INF] User profile is available. Using 'C:\Users\Orange\AppData\Local\ASP.NET\DataProtection-Keys' as key repository and Windows DPAPI to encrypt keys at rest.
2024-10-02 09:52:29.316 +03:00 [INF] Now listening on: https://localhost:7000
2024-10-02 09:52:29.318 +03:00 [INF] Now listening on: http://localhost:5256
2024-10-02 09:52:29.410 +03:00 [INF] Application started. Press Ctrl+C to shut down.
2024-10-02 09:52:29.412 +03:00 [INF] Hosting environment: Development
2024-10-02 09:52:29.414 +03:00 [INF] Content root path: C:\Users\Orange\Downloads\Masterpiece1\Backend\E-Commerce
2024-10-02 09:52:30.076 +03:00 [INF] Request starting HTTP/2 GET https://localhost:7000/swagger/index.html - null null
2024-10-02 09:52:30.359 +03:00 [INF] Request finished HTTP/2 GET https://localhost:7000/swagger/index.html - 200 null text/html;charset=utf-8 293.9009ms
2024-10-02 09:52:30.425 +03:00 [INF] Request starting HTTP/2 GET https://localhost:7000/_vs/browserLink - null null
2024-10-02 09:52:30.425 +03:00 [INF] Request starting HTTP/2 GET https://localhost:7000/_framework/aspnetcore-browser-refresh.js - null null
2024-10-02 09:52:30.452 +03:00 [INF] Request finished HTTP/2 GET https://localhost:7000/_framework/aspnetcore-browser-refresh.js - 200 13756 application/javascript; charset=utf-8 23.2549ms
2024-10-02 09:52:30.505 +03:00 [INF] Request finished HTTP/2 GET https://localhost:7000/_vs/browserLink - 200 null text/javascript; charset=UTF-8 80.78ms
2024-10-02 09:52:30.637 +03:00 [INF] Request starting HTTP/2 GET https://localhost:7000/swagger/v1/swagger.json - null null
2024-10-02 09:52:30.792 +03:00 [ERR] An unhandled exception has occurred while executing the request.
Swashbuckle.AspNetCore.SwaggerGen.SwaggerGeneratorException: Conflicting method/path combination "POST api/Products" for actions - E_Commerce.Controllers.ProductsController.SortWords (E-Commerce),E_Commerce.Controllers.ProductsController.CountNumbers (E-Commerce). Actions require a unique method/path combination for Swagger/OpenAPI 3.0. Use ConflictingActionsResolver as a workaround
   at Swashbuckle.AspNetCore.SwaggerGen.SwaggerGenerator.GenerateOperations(IEnumerable`1 apiDescriptions, SchemaRepository schemaRepository)
   at Swashbuckle.AspNetCore.SwaggerGen.SwaggerGenerator.GeneratePaths(IEnumerable`1 apiDescriptions, SchemaRepository schemaRepository)
   at Swashbuckle.AspNetCore.SwaggerGen.SwaggerGenerator.GetSwaggerDocumentWithoutFilters(String documentName, String host, String basePath)
   at Swashbuckle.AspNetCore.SwaggerGen.SwaggerGenerator.GetSwaggerAsync(String documentName, String host, String basePath)
   at Swashbuckle.AspNetCore.Swagger.SwaggerMiddleware.Invoke(HttpContext httpContext, ISwaggerProvider swaggerProvider)
   at Microsoft.AspNetCore.Diagnostics.DeveloperExceptionPageMiddlewareImpl.Invoke(HttpContext context)
2024-10-02 09:52:30.854 +03:00 [INF] Request finished HTTP/2 GET https://localhost:7000/swagger/v1/swagger.json - 500 null text/plain; charset=utf-8 217.5552ms
2024-10-02 09:53:08.032 +03:00 [INF] User profile is available. Using 'C:\Users\Orange\AppData\Local\ASP.NET\DataProtection-Keys' as key repository and Windows DPAPI to encrypt keys at rest.
2024-10-02 09:53:08.498 +03:00 [INF] Now listening on: https://localhost:7000
2024-10-02 09:53:08.500 +03:00 [INF] Now listening on: http://localhost:5256
2024-10-02 09:53:08.601 +03:00 [INF] Application started. Press Ctrl+C to shut down.
2024-10-02 09:53:08.605 +03:00 [INF] Hosting environment: Development
2024-10-02 09:53:08.607 +03:00 [INF] Content root path: C:\Users\Orange\Downloads\Masterpiece1\Backend\E-Commerce
2024-10-02 09:53:09.246 +03:00 [INF] Request starting HTTP/2 GET https://localhost:7000/swagger/index.html - null null
2024-10-02 09:53:09.554 +03:00 [INF] Request finished HTTP/2 GET https://localhost:7000/swagger/index.html - 200 null text/html;charset=utf-8 322.4798ms
2024-10-02 09:53:09.606 +03:00 [INF] Request starting HTTP/2 GET https://localhost:7000/_framework/aspnetcore-browser-refresh.js - null null
2024-10-02 09:53:09.606 +03:00 [INF] Request starting HTTP/2 GET https://localhost:7000/_vs/browserLink - null null
2024-10-02 09:53:09.625 +03:00 [INF] Request finished HTTP/2 GET https://localhost:7000/_framework/aspnetcore-browser-refresh.js - 200 13756 application/javascript; charset=utf-8 18.8657ms
2024-10-02 09:53:09.690 +03:00 [INF] Request finished HTTP/2 GET https://localhost:7000/_vs/browserLink - 200 null text/javascript; charset=UTF-8 83.9819ms
2024-10-02 09:53:09.830 +03:00 [INF] Request starting HTTP/2 GET https://localhost:7000/swagger/v1/swagger.json - null null
2024-10-02 09:53:10.030 +03:00 [INF] Request finished HTTP/2 GET https://localhost:7000/swagger/v1/swagger.json - 200 null application/json;charset=utf-8 200.6802ms
2024-10-02 09:53:29.894 +03:00 [INF] User profile is available. Using 'C:\Users\Orange\AppData\Local\ASP.NET\DataProtection-Keys' as key repository and Windows DPAPI to encrypt keys at rest.
2024-10-02 09:53:30.352 +03:00 [INF] Now listening on: https://localhost:7000
2024-10-02 09:53:30.354 +03:00 [INF] Now listening on: http://localhost:5256
2024-10-02 09:53:30.480 +03:00 [INF] Application started. Press Ctrl+C to shut down.
2024-10-02 09:53:30.485 +03:00 [INF] Hosting environment: Development
2024-10-02 09:53:30.487 +03:00 [INF] Content root path: C:\Users\Orange\Downloads\Masterpiece1\Backend\E-Commerce
2024-10-02 09:53:30.889 +03:00 [INF] Request starting HTTP/2 GET https://localhost:7000/swagger/index.html - null null
2024-10-02 09:53:31.183 +03:00 [INF] Request finished HTTP/2 GET https://localhost:7000/swagger/index.html - 200 null text/html;charset=utf-8 304.4924ms
2024-10-02 09:53:31.191 +03:00 [INF] Request starting HTTP/2 GET https://localhost:7000/_framework/aspnetcore-browser-refresh.js - null null
2024-10-02 09:53:31.203 +03:00 [INF] Request finished HTTP/2 GET https://localhost:7000/_framework/aspnetcore-browser-refresh.js - 200 13756 application/javascript; charset=utf-8 12.117ms
2024-10-02 09:53:31.232 +03:00 [INF] Request starting HTTP/2 GET https://localhost:7000/_vs/browserLink - null null
2024-10-02 09:53:31.290 +03:00 [INF] Request finished HTTP/2 GET https://localhost:7000/_vs/browserLink - 200 null text/javascript; charset=UTF-8 58.0142ms
2024-10-02 09:53:31.457 +03:00 [INF] Request starting HTTP/2 GET https://localhost:7000/swagger/v1/swagger.json - null null
2024-10-02 09:53:31.604 +03:00 [ERR] An unhandled exception has occurred while executing the request.
Swashbuckle.AspNetCore.SwaggerGen.SwaggerGeneratorException: Conflicting method/path combination "POST api/Products" for actions - E_Commerce.Controllers.ProductsController.SortWords (E-Commerce),E_Commerce.Controllers.ProductsController.CountNumbers (E-Commerce). Actions require a unique method/path combination for Swagger/OpenAPI 3.0. Use ConflictingActionsResolver as a workaround
   at Swashbuckle.AspNetCore.SwaggerGen.SwaggerGenerator.GenerateOperations(IEnumerable`1 apiDescriptions, SchemaRepository schemaRepository)
   at Swashbuckle.AspNetCore.SwaggerGen.SwaggerGenerator.GeneratePaths(IEnumerable`1 apiDescriptions, SchemaRepository schemaRepository)
   at Swashbuckle.AspNetCore.SwaggerGen.SwaggerGenerator.GetSwaggerDocumentWithoutFilters(String documentName, String host, String basePath)
   at Swashbuckle.AspNetCore.SwaggerGen.SwaggerGenerator.GetSwaggerAsync(String documentName, String host, String basePath)
   at Swashbuckle.AspNetCore.Swagger.SwaggerMiddleware.Invoke(HttpContext httpContext, ISwaggerProvider swaggerProvider)
   at Microsoft.AspNetCore.Diagnostics.DeveloperExceptionPageMiddlewareImpl.Invoke(HttpContext context)
2024-10-02 09:53:31.641 +03:00 [INF] Request finished HTTP/2 GET https://localhost:7000/swagger/v1/swagger.json - 500 null text/plain; charset=utf-8 184.4371ms
2024-10-02 09:54:11.277 +03:00 [INF] User profile is available. Using 'C:\Users\Orange\AppData\Local\ASP.NET\DataProtection-Keys' as key repository and Windows DPAPI to encrypt keys at rest.
2024-10-02 09:54:11.651 +03:00 [INF] Now listening on: https://localhost:7000
2024-10-02 09:54:11.653 +03:00 [INF] Now listening on: http://localhost:5256
2024-10-02 09:54:11.751 +03:00 [INF] Application started. Press Ctrl+C to shut down.
2024-10-02 09:54:11.754 +03:00 [INF] Hosting environment: Development
2024-10-02 09:54:11.766 +03:00 [INF] Content root path: C:\Users\Orange\Downloads\Masterpiece1\Backend\E-Commerce
2024-10-02 09:54:12.270 +03:00 [INF] Request starting HTTP/2 GET https://localhost:7000/swagger/index.html - null null
2024-10-02 09:54:12.601 +03:00 [INF] Request finished HTTP/2 GET https://localhost:7000/swagger/index.html - 200 null text/html;charset=utf-8 342.4753ms
2024-10-02 09:54:12.602 +03:00 [INF] Request starting HTTP/2 GET https://localhost:7000/_framework/aspnetcore-browser-refresh.js - null null
2024-10-02 09:54:12.626 +03:00 [INF] Request finished HTTP/2 GET https://localhost:7000/_framework/aspnetcore-browser-refresh.js - 200 13756 application/javascript; charset=utf-8 23.9682ms
2024-10-02 09:54:12.650 +03:00 [INF] Request starting HTTP/2 GET https://localhost:7000/_vs/browserLink - null null
2024-10-02 09:54:12.718 +03:00 [INF] Request finished HTTP/2 GET https://localhost:7000/_vs/browserLink - 200 null text/javascript; charset=UTF-8 68.238ms
2024-10-02 09:54:12.900 +03:00 [INF] Request starting HTTP/2 GET https://localhost:7000/swagger/v1/swagger.json - null null
2024-10-02 09:54:13.158 +03:00 [INF] Request finished HTTP/2 GET https://localhost:7000/swagger/v1/swagger.json - 200 null application/json;charset=utf-8 258.887ms
2024-10-02 09:54:40.192 +03:00 [INF] Request starting HTTP/2 POST https://localhost:7000/api/Products - application/json 17
2024-10-02 09:54:40.349 +03:00 [INF] CORS policy execution successful.
2024-10-02 09:54:40.359 +03:00 [INF] Executing endpoint 'E_Commerce.Controllers.ProductsController.CountNumbers (E-Commerce)'
2024-10-02 09:54:40.406 +03:00 [INF] Route matched with {action = "CountNumbers", controller = "Products"}. Executing controller action with signature Microsoft.AspNetCore.Mvc.IActionResult CountNumbers(Int32[]) on controller E_Commerce.Controllers.ProductsController (E-Commerce).
2024-10-02 09:54:40.820 +03:00 [INF] Executing OkObjectResult, writing value of type 'System.Collections.Generic.Dictionary`2[[System.Int32, System.Private.CoreLib, Version=8.0.0.0, Culture=neutral, PublicKeyToken=7cec85d7bea7798e],[System.Int32, System.Private.CoreLib, Version=8.0.0.0, Culture=neutral, PublicKeyToken=7cec85d7bea7798e]]'.
2024-10-02 09:54:40.839 +03:00 [INF] Executed action E_Commerce.Controllers.ProductsController.CountNumbers (E-Commerce) in 419.1627ms
2024-10-02 09:54:40.841 +03:00 [INF] Executed endpoint 'E_Commerce.Controllers.ProductsController.CountNumbers (E-Commerce)'
2024-10-02 09:54:40.847 +03:00 [INF] Request finished HTTP/2 POST https://localhost:7000/api/Products - 200 null application/json; charset=utf-8 654.9108ms
